*** Using Compiler 'V5.06 update 7 (build 960)', folder: 'E:\Program Files (x86)\IDE\Keil_V5\ARM\ARMCC\Bin'
Build target 'LCD_HAL'
assembling startup_stm32f030x8.s...
compiling stm32f0xx_hal_tim_ex.c...
compiling stm32f0xx_hal_rcc_ex.c...
compiling stm32f0xx_hal_msp.c...
compiling main.c...
compiling gpio.c...
compiling stm32f0xx_hal_tim.c...
compiling stm32f0xx_hal.c...
compiling stm32f0xx_it.c...
compiling ST7789.c...
compiling stm32f0xx_hal_rcc.c...
compiling stm32f0xx_hal_i2c_ex.c...
compiling stm32f0xx_hal_gpio.c...
compiling stm32f0xx_hal_pwr_ex.c...
compiling stm32f0xx_hal_cortex.c...
compiling stm32f0xx_hal_pwr.c...
compiling stm32f0xx_hal_dma.c...
compiling stm32f0xx_hal_i2c.c...
compiling system_stm32f0xx.c...
compiling stm32f0xx_hal_flash.c...
compiling stm32f0xx_hal_exti.c...
compiling stm32f0xx_hal_flash_ex.c...
linking...
LCD_HAL\LCD_HAL.axf: Error: L6218E: Undefined symbol Chinese_Font_test (referred from main.o).
LCD_HAL\LCD_HAL.axf: Error: L6218E: Undefined symbol English_Font_test (referred from main.o).
LCD_HAL\LCD_HAL.axf: Error: L6218E: Undefined symbol LCD_Init (referred from main.o).
LCD_HAL\LCD_HAL.axf: Error: L6218E: Undefined symbol Pic_test (referred from main.o).
LCD_HAL\LCD_HAL.axf: Error: L6218E: Undefined symbol Test_Circle (referred from main.o).
LCD_HAL\LCD_HAL.axf: Error: L6218E: Undefined symbol Test_Color (referred from main.o).
LCD_HAL\LCD_HAL.axf: Error: L6218E: Undefined symbol Test_FillRec (referred from main.o).
LCD_HAL\LCD_HAL.axf: Error: L6218E: Undefined symbol main_test (referred from main.o).
Not enough information to list image symbols.
Not enough information to list load addresses in the image map.
Finished: 2 information, 0 warning and 8 error messages.
"LCD_HAL\LCD_HAL.axf" - 8 Error(s), 0 Warning(s).
Target not created.
Build Time Elapsed:  00:00:03
